# JRE version: Java(TM) SE Runtime Environment (10.0.2+13) (build 10.0.2+13)
# Java VM: Java HotSpot(TM) 64-Bit Server VM (10.0.2+13, mixed mode, tiered, compressed oops, g1 gc, bsd-amd64)
Heap:
 garbage-first heap   total 143360K, used 68458K [0x0000000740000000, 0x00000007c0000000)
  region size 1024K, 2 young (2048K), 1 survivors (1024K)
 Metaspace       used 24563K, capacity 24942K, committed 25984K, reserved 1073152K
  class space    used 2775K, capacity 2927K, committed 3200K, reserved 1048576K
GC Heap History (10 events):
Event: 25917.999 GC heap before
{Heap before GC invocations=96 (full 0):
 garbage-first heap   total 131072K, used 81508K [0x0000000740000000, 0x00000007c0000000)
  region size 1024K, 6 young (6144K), 1 survivors (1024K)
 Metaspace       used 24557K, capacity 24948K, committed 25984K, reserved 1073152K
  class space    used 2775K, capacity 2928K, committed 3200K, reserved 1048576K
}
Event: 25918.054 GC heap after
{Heap after GC invocations=97 (full 0):
 garbage-first heap   total 131072K, used 71120K [0x0000000740000000, 0x00000007c0000000)
  region size 1024K, 1 young (1024K), 1 survivors (1024K)
 Metaspace       used 24557K, capacity 24948K, committed 25984K, reserved 1073152K
  class space    used 2775K, capacity 2928K, committed 3200K, reserved 1048576K
}
Event: 26771.168 GC heap before
{Heap before GC invocations=97 (full 0):
 garbage-first heap   total 131072K, used 92624K [0x0000000740000000, 0x00000007c0000000)
  region size 1024K, 22 young (22528K), 1 survivors (1024K)
 Metaspace       used 24557K, capacity 24948K, committed 25984K, reserved 1073152K
  class space    used 2775K, capacity 2928K, committed 3200K, reserved 1048576K
}
Event: 26771.251 GC heap after
{Heap after GC invocations=98 (full 0):
 garbage-first heap   total 131072K, used 71889K [0x0000000740000000, 0x00000007c0000000)
  region size 1024K, 2 young (2048K), 2 survivors (2048K)
 Metaspace       used 24557K, capacity 24948K, committed 25984K, reserved 1073152K
  class space    used 2775K, capacity 2928K, committed 3200K, reserved 1048576K
}
Event: 28210.989 GC heap before
{Heap before GC invocations=99 (full 0):
 garbage-first heap   total 143360K, used 116945K [0x0000000740000000, 0x00000007c0000000)
  region size 1024K, 24 young (24576K), 2 survivors (2048K)
 Metaspace       used 24567K, capacity 24948K, committed 25984K, reserved 1073152K
  class space    used 2775K, capacity 2928K, committed 3200K, reserved 1048576K
}
Event: 28211.283 GC heap after
{Heap after GC invocations=100 (full 0):
 garbage-first heap   total 143360K, used 95865K [0x0000000740000000, 0x00000007c0000000)
  region size 1024K, 3 young (3072K), 3 survivors (3072K)
 Metaspace       used 24567K, capacity 24948K, committed 25984K, reserved 1073152K
  class space    used 2775K, capacity 2928K, committed 3200K, reserved 1048576K
}
Event: 28479.926 GC heap before
{Heap before GC invocations=100 (full 0):
 garbage-first heap   total 143360K, used 99961K [0x0000000740000000, 0x00000007c0000000)
  region size 1024K, 7 young (7168K), 3 survivors (3072K)
 Metaspace       used 24567K, capacity 24948K, committed 25984K, reserved 1073152K
  class space    used 2775K, capacity 2928K, committed 3200K, reserved 1048576K
}
Event: 28479.960 GC heap after
{Heap after GC invocations=101 (full 0):
 garbage-first heap   total 143360K, used 81777K [0x0000000740000000, 0x00000007c0000000)
  region size 1024K, 1 young (1024K), 1 survivors (1024K)
 Metaspace       used 24567K, capacity 24948K, committed 25984K, reserved 1073152K
  class space    used 2775K, capacity 2928K, committed 3200K, reserved 1048576K
}
Event: 30184.761 GC heap before
{Heap before GC invocations=101 (full 0):
 garbage-first heap   total 143360K, used 105329K [0x0000000740000000, 0x00000007c0000000)
  region size 1024K, 24 young (24576K), 1 survivors (1024K)
 Metaspace       used 24567K, capacity 24948K, committed 25984K, reserved 1073152K
  class space    used 2775K, capacity 2928K, committed 3200K, reserved 1048576K
}
Event: 30184.781 GC heap after
{Heap after GC invocations=102 (full 0):
 garbage-first heap   total 143360K, used 81770K [0x0000000740000000, 0x00000007c0000000)
  region size 1024K, 1 young (1024K), 1 survivors (1024K)
 Metaspace       used 24567K, capacity 24948K, committed 25984K, reserved 1073152K
  class space    used 2775K, capacity 2928K, committed 3200K, reserved 1048576K
}

